0 info it worked if it ends with ok
1 verbose cli [ '/usr/local/Cellar/node/6.2.0/bin/node',
1 verbose cli   '/usr/local/bin/npm',
1 verbose cli   'run',
1 verbose cli   'webpack' ]
2 info using npm@3.8.9
3 info using node@v6.2.0
4 verbose run-script [ 'prewebpack', 'webpack', 'postwebpack' ]
5 info lifecycle reactfun@1.0.0~prewebpack: reactfun@1.0.0
6 silly lifecycle reactfun@1.0.0~prewebpack: no script for prewebpack, continuing
7 info lifecycle reactfun@1.0.0~webpack: reactfun@1.0.0
8 verbose lifecycle reactfun@1.0.0~webpack: unsafe-perm in lifecycle true
9 verbose lifecycle reactfun@1.0.0~webpack: PATH: /usr/local/lib/node_modules/npm/bin/node-gyp-bin:/Users/philippe/Workspace/reactfun/node_modules/.bin:/usr/local/Cellar/node/6.2.0/bin:/Users/philippe/.rvm/gems/ruby-2.1.5/bin:/Users/philippe/.rvm/gems/ruby-2.1.5@global/bin:/Users/philippe/.rvm/rubies/ruby-2.1.5/bin:/Users/philippe/.sdkman/candidates/groovy/current/bin:/Users/philippe/.sdkman/candidates/grails/current/bin:/Users/philippe/google-cloud-sdk/bin:/usr/bin:/bin:/usr/sbin:/sbin:/usr/local/bin:/usr/local/git/bin:/Users/philippe/.rvm/bin
10 verbose lifecycle reactfun@1.0.0~webpack: CWD: /Users/philippe/Workspace/reactfun
11 silly lifecycle reactfun@1.0.0~webpack: Args: [ '-c', 'webpack --config webpack.config.js --watch --color' ]
12 silly lifecycle reactfun@1.0.0~webpack: Returned: code: 1  signal: null
13 info lifecycle reactfun@1.0.0~webpack: Failed to exec webpack script
14 verbose stack Error: reactfun@1.0.0 webpack: `webpack --config webpack.config.js --watch --color`
14 verbose stack Exit status 1
14 verbose stack     at EventEmitter.<anonymous> (/usr/local/lib/node_modules/npm/lib/utils/lifecycle.js:245:16)
14 verbose stack     at emitTwo (events.js:106:13)
14 verbose stack     at EventEmitter.emit (events.js:191:7)
14 verbose stack     at ChildProcess.<anonymous> (/usr/local/lib/node_modules/npm/lib/utils/spawn.js:24:14)
14 verbose stack     at emitTwo (events.js:106:13)
14 verbose stack     at ChildProcess.emit (events.js:191:7)
14 verbose stack     at maybeClose (internal/child_process.js:850:16)
14 verbose stack     at Process.ChildProcess._handle.onexit (internal/child_process.js:215:5)
15 verbose pkgid reactfun@1.0.0
16 verbose cwd /Users/philippe/Workspace/reactfun
17 error Darwin 15.4.0
18 error argv "/usr/local/Cellar/node/6.2.0/bin/node" "/usr/local/bin/npm" "run" "webpack"
19 error node v6.2.0
20 error npm  v3.8.9
21 error code ELIFECYCLE
22 error reactfun@1.0.0 webpack: `webpack --config webpack.config.js --watch --color`
22 error Exit status 1
23 error Failed at the reactfun@1.0.0 webpack script 'webpack --config webpack.config.js --watch --color'.
23 error Make sure you have the latest version of node.js and npm installed.
23 error If you do, this is most likely a problem with the reactfun package,
23 error not with npm itself.
23 error Tell the author that this fails on your system:
23 error     webpack --config webpack.config.js --watch --color
23 error You can get information on how to open an issue for this project with:
23 error     npm bugs reactfun
23 error Or if that isn't available, you can get their info via:
23 error     npm owner ls reactfun
23 error There is likely additional logging output above.
24 verbose exit [ 1, true ]
